2015-07-19 20:41:51,301 - [INFO] - from play in main 
Listening for HTTP on port 9000...

2015-07-19 20:43:51,263 - [INFO] - from play in play-akka.actor.default-dispatcher-1 
database [default] connected at jdbc:h2:mem:play

2015-07-19 20:43:51,587 - [ERROR] - from application in New I/O server worker #1-1 


! @6mol4a98f - Internal server error, for request [GET /] ->

play.api.db.evolutions.InvalidDatabaseRevision: Database 'default' needs evolution! [An SQL script need to be run on your database.]
	at play.api.db.evolutions.EvolutionsPlugin$$anonfun$onStart$1.apply(Evolutions.scala:424) ~[play_2.9.1.jar:2.0]
	at play.api.db.evolutions.EvolutionsPlugin$$anonfun$onStart$1.apply(Evolutions.scala:410) ~[play_2.9.1.jar:2.0]
	at scala.collection.LinearSeqOptimized$class.foreach(LinearSeqOptimized.scala:59) ~[scala-library.jar:0.11.2]
	at scala.collection.immutable.List.foreach(List.scala:45) ~[scala-library.jar:0.11.2]
	at play.api.db.evolutions.EvolutionsPlugin.onStart(Evolutions.scala:410) ~[play_2.9.1.jar:2.0]
	at play.api.Play$$anonfun$start$1.apply(Play.scala:60) ~[play_2.9.1.jar:2.0]
	at play.api.Play$$anonfun$start$1.apply(Play.scala:60) ~[play_2.9.1.jar:2.0]
	at scala.collection.LinearSeqOptimized$class.foreach(LinearSeqOptimized.scala:59) ~[scala-library.jar:0.11.2]
	at scala.collection.immutable.List.foreach(List.scala:45) ~[scala-library.jar:0.11.2]
	at play.api.Play$.start(Play.scala:60) ~[play_2.9.1.jar:2.0]
	at play.core.ReloadableApplication$$anonfun$get$1$$anonfun$apply$3$$anonfun$1.apply(ApplicationProvider.scala:125) ~[play_2.9.1.jar:2.0]
	at play.core.ReloadableApplication$$anonfun$get$1$$anonfun$apply$3$$anonfun$1.apply(ApplicationProvider.scala:112) ~[play_2.9.1.jar:2.0]
	at scala.Option.map(Option.scala:133) ~[scala-library.jar:0.11.2]
	at play.core.ReloadableApplication$$anonfun$get$1$$anonfun$apply$3.apply(ApplicationProvider.scala:112) ~[play_2.9.1.jar:2.0]
	at play.core.ReloadableApplication$$anonfun$get$1$$anonfun$apply$3.apply(ApplicationProvider.scala:110) ~[play_2.9.1.jar:2.0]
	at scala.Either$RightProjection.flatMap(Either.scala:277) ~[scala-library.jar:0.11.2]
	at play.core.ReloadableApplication$$anonfun$get$1.apply(ApplicationProvider.scala:110) ~[play_2.9.1.jar:2.0]
	at play.core.ReloadableApplication$$anonfun$get$1.apply(ApplicationProvider.scala:110) ~[play_2.9.1.jar:2.0]
	at akka.dispatch.Future$$anon$3.liftedTree1$1(Future.scala:195) ~[akka-actor.jar:2.0]
	at akka.dispatch.Future$$anon$3.run(Future.scala:194) ~[akka-actor.jar:2.0]
	at akka.dispatch.TaskInvocation.run(AbstractDispatcher.scala:83) ~[akka-actor.jar:2.0]
	at akka.jsr166y.ForkJoinTask$AdaptedRunnableAction.exec(ForkJoinTask.java:1381) ~[akka-actor.jar:2.0]
	at akka.jsr166y.ForkJoinTask.doExec(ForkJoinTask.java:259) ~[akka-actor.jar:2.0]
	at akka.jsr166y.ForkJoinPool$WorkQueue.runTask(ForkJoinPool.java:997) ~[akka-actor.jar:2.0]
	at akka.jsr166y.ForkJoinPool.runWorker(ForkJoinPool.java:1495) ~[akka-actor.jar:2.0]
	at akka.jsr166y.ForkJoinWorkerThread.run(ForkJoinWorkerThread.java:104) ~[akka-actor.jar:2.0]

2015-07-19 20:43:56,545 - [WARN] - from play in New I/O server worker #1-1 
Applying evolution script for database 'default':

# --- Rev:1,Ups - dbd3e9f
set ignorecase true;

create table race (
id                        bigint not null,
name                      varchar(255) not null,
constraint pk_race primary key (id))
;

create table cat (
id                        bigint not null,
name                      varchar(255) not null,
gender                    varchar(255) not null,
color                     varchar(255) not null,
birth                     timestamp,
race_id                   bigint,
cattag		    bigint,
constraint pk_cat primary key (id))
;

create sequence race_seq start with 1000;

create sequence cat_seq start with 1000;

alter table cat add constraint fk_cat_race_1 foreign key (race_id) references race (id) on delete restrict on update restrict;
create index ix_cat_race_1 on cat (race_id);

# --- Rev:2,Ups - 32b645a
insert into race (id,name) values ( 1,'Abyssinian');
insert into race (id,name) values ( 2,'Aegean');
insert into race (id,name) values ( 3,'American Curl');
insert into race (id,name) values ( 4,'American Bobtail');
insert into race (id,name) values ( 5,'American Shorthair');
insert into race (id,name) values ( 6,'American Wirehair');
insert into race (id,name) values ( 7,'Arabian Mau');
insert into race (id,name) values ( 8,'Australian Mist');
insert into race (id,name) values ( 9,'Asian');
insert into race (id,name) values ( 10,'Asian Semi-longhair');
insert into race (id,name) values ( 11,'Balinese');
insert into race (id,name) values ( 12,'Bambino');
insert into race (id,name) values ( 13,'Bengal');
insert into race (id,name) values ( 14,'Birman');
insert into race (id,name) values ( 15,'Bombay');
insert into race (id,name) values ( 16,'Brazilian Shorthair');
insert into race (id,name) values ( 17,'British Semi-longhair');
insert into race (id,name) values ( 18,'British Shorthair');
insert into race (id,name) values ( 19,'British Longhair');
insert into race (id,name) values ( 20,'Burmese');
insert into race (id,name) values ( 21,'Burmilla');
insert into race (id,name) values ( 22,'California Spangled');
insert into race (id,name) values ( 23,'Chantilly-Tiffany');
insert into race (id,name) values ( 24,'Chartreux');
insert into race (id,name) values ( 25,'Chausie');
insert into race (id,name) values ( 26,'Cheetoh');
insert into race (id,name) values ( 27,'Colorpoint Shorthair');
insert into race (id,name) values ( 28,'Cornish Rex');
insert into race (id,name) values ( 29,'Cymric or Manx Longhair');
insert into race (id,name) values ( 30,'Cyprus');
insert into race (id,name) values ( 31,'Devon Rex');
insert into race (id,name) values ( 32,'Donskoy or Don Sphynx');
insert into race (id,name) values ( 33,'Dragon Li');
insert into race (id,name) values ( 34,'Dwarf Cat or Dwelf');
insert into race (id,name) values ( 35,'Egyptian Mau');
insert into race (id,name) values ( 36,'European Shorthair');
insert into race (id,name) values ( 37,'Exotic Shorthair');
insert into race (id,name) values ( 38,'FoldEx Cat');
insert into race (id,name) values ( 39,'German Rex');
insert into race (id,name) values ( 40,'Havana Brown');
insert into race (id,name) values ( 41,'Highlander');
insert into race (id,name) values ( 42,'Himalayan or Colorpoint Persian');
insert into race (id,name) values ( 43,'Japanese Bobtail');
insert into race (id,name) values ( 44,'Javanese');
insert into race (id,name) values ( 45,'Kurilian Bobtail');
insert into race (id,name) values ( 46,'Khao Manee');
insert into race (id,name) values ( 47,'Korat');
insert into race (id,name) values ( 48,'Kurilian Bobtail or Kuril Islands Bobtail');
insert into race (id,name) values ( 49,'LaPerm');
insert into race (id,name) values ( 50,'Lykoi');
insert into race (id,name) values ( 51,'Maine Coon');
insert into race (id,name) values ( 52,'Manx');
insert into race (id,name) values ( 53,'Mekong Bobtail');
insert into race (id,name) values ( 54,'Minskin');
insert into race (id,name) values ( 55,'Munchkin');
insert into race (id,name) values ( 56,'Nebelung');
insert into race (id,name) values ( 57,'Napoleon');
insert into race (id,name) values ( 58,'Norwegian Forest Cat');
insert into race (id,name) values ( 59,'Ocicat');
insert into race (id,name) values ( 60,'Ojoa Azules');
insert into race (id,name) values ( 61,'Oregon Rex');
insert into race (id,name) values ( 62,'Oriental Bicolor');
insert into race (id,name) values ( 63,'Oriental Shorthair');
insert into race (id,name) values ( 64,'Oriental Longhair');
insert into race (id,name) values ( 65,'PerFold Cat');
insert into race (id,name) values ( 66,'Persian (Modern Persian Cat)');
insert into race (id,name) values ( 67,'Peterbald');
insert into race (id,name) values ( 68,'Pixie-Bob');
insert into race (id,name) values ( 69,'Raas');
insert into race (id,name) values ( 70,'Ragamuffin');
insert into race (id,name) values ( 71,'Ragdoll');
insert into race (id,name) values ( 72,'Russian Blue');
insert into race (id,name) values ( 73,'Russian Black, White and Tabby');
insert into race (id,name) values ( 74,'Sam Sawet');
insert into race (id,name) values ( 75,'Savannah');
insert into race (id,name) values ( 76,'Scottish Fold');
insert into race (id,name) values ( 77,'Selkirk Rex');
insert into race (id,name) values ( 78,'Serengeti');
insert into race (id,name) values ( 79,'Serrade Petit');
insert into race (id,name) values ( 80,'Siamese');
insert into race (id,name) values ( 81,'Siberian');
insert into race (id,name) values ( 82,'Singapura');
insert into race (id,name) values ( 83,'Snowshoe');
insert into race (id,name) values ( 84,'Sokoke');
insert into race (id,name) values ( 85,'Somali');
insert into race (id,name) values ( 86,'Sphynx');
insert into race (id,name) values ( 87,'Suphalak');
insert into race (id,name) values ( 88,'Thai');
insert into race (id,name) values ( 89,'Tonkinese');
insert into race (id,name) values ( 90,'Toyker');
insert into race (id,name) values ( 91,'Turkish Angora');
insert into race (id,name) values ( 92,'Turkish Van');
insert into race (id,name) values ( 93,'Ukrainian Levkoy');
insert into race (id,name) values ( 94,'Klingon');

insert into cat (id,name,gender,color,birth,race_id,cattag) values (  1,'Helkatti','Male','Pink','1991-01-01',1,111);
insert into cat (id,name,gender,color,birth,race_id,cattag) values (  2,'Mirri','Male','Pink','1992-02-02',2,222);
insert into cat (id,name,gender,color,birth,race_id,cattag) values (  3,'Miisu','Female','Pink','1992-02-02',2,333);
insert into cat (id,name,gender,color,birth,race_id,cattag) values (  4,'Misse','Female','Pink','1992-02-02',2,444);
insert into cat (id,name,gender,color,birth,race_id,cattag) values (  5,'Mauku','Male','Pink','1991-01-01',2,555);
insert into cat (id,name,gender,color,birth,race_id,cattag) values (  6,'Miuku','Male','Pink','2006-01-10',1,666);
insert into cat (id,name,gender,color,birth,race_id,cattag) values (  7,'Mouru','Male','Pink','1992-02-02',1,777);
insert into cat (id,name,gender,color,birth,race_id,cattag) values (  8,'Satan','Male','Pink','1992-02-02',1,888);
insert into cat (id,name,gender,color,birth,race_id,cattag) values (  9,'Lucifer','Male','Pink','1992-02-02',1,999);
insert into cat (id,name,gender,color,birth,race_id,cattag) values ( 10,'Petkele','Female','Pink','1992-02-02',30,101010);


2015-07-19 20:43:58,700 - [INFO] - from play in play-akka.actor.default-dispatcher-1 
database [default] connected at jdbc:h2:mem:play

2015-07-19 20:43:58,826 - [INFO] - from play in play-akka.actor.default-dispatcher-1 
Application started (Dev)

2015-07-19 20:44:48,087 - [ERROR] - from application in play-akka.actor.actions-dispatcher-9 


! @6mol4a98g - Internal server error, for request [GET /picture/Joo?cattag=698312836] ->

play.core.ActionInvoker$$anonfun$receive$1$$anon$1: Execution exception [[FileNotFoundException: public/images/Joo698312836.jpg (No such file or directory)]]
	at play.core.ActionInvoker$$anonfun$receive$1.apply(Invoker.scala:82) [play_2.9.1.jar:2.0]
	at play.core.ActionInvoker$$anonfun$receive$1.apply(Invoker.scala:63) [play_2.9.1.jar:2.0]
	at akka.actor.Actor$class.apply(Actor.scala:290) [akka-actor.jar:2.0]
	at play.core.ActionInvoker.apply(Invoker.scala:61) [play_2.9.1.jar:2.0]
	at akka.actor.ActorCell.invoke(ActorCell.scala:617) [akka-actor.jar:2.0]
	at akka.dispatch.Mailbox.processMailbox(Mailbox.scala:179) [akka-actor.jar:2.0]
	at akka.dispatch.Mailbox.run(Mailbox.scala:161) [akka-actor.jar:2.0]
	at akka.dispatch.ForkJoinExecutorConfigurator$MailboxExecutionTask.exec(AbstractDispatcher.scala:505) [akka-actor.jar:2.0]
	at akka.jsr166y.ForkJoinTask.doExec(ForkJoinTask.java:259) [akka-actor.jar:2.0]
	at akka.jsr166y.ForkJoinPool$WorkQueue.runTask(ForkJoinPool.java:997) [akka-actor.jar:2.0]
	at akka.jsr166y.ForkJoinPool.runWorker(ForkJoinPool.java:1495) [akka-actor.jar:2.0]
	at akka.jsr166y.ForkJoinWorkerThread.run(ForkJoinWorkerThread.java:104) [akka-actor.jar:2.0]
Caused by: java.io.FileNotFoundException: public/images/Joo698312836.jpg (No such file or directory)
	at java.io.FileInputStream.open(Native Method) ~[na:1.7.0_60]
	at java.io.FileInputStream.<init>(FileInputStream.java:146) ~[na:1.7.0_60]
	at play.api.libs.iteratee.Enumerator$.fromFile(Iteratee.scala:981) ~[play_2.9.1.jar:2.0]
	at play.api.mvc.Results$Status.sendFile(Results.scala:335) ~[play_2.9.1.jar:2.0]
	at controllers.Application$$anonfun$pickPict$1.apply(Application.scala:74) ~[classes/:na]
	at controllers.Application$$anonfun$pickPict$1.apply(Application.scala:72) ~[classes/:na]
	at play.api.mvc.Action$$anonfun$apply$4.apply(Action.scala:204) ~[play_2.9.1.jar:2.0]
	at play.api.mvc.Action$$anonfun$apply$4.apply(Action.scala:204) ~[play_2.9.1.jar:2.0]
	at play.api.mvc.Action$$anon$1.apply(Action.scala:170) ~[play_2.9.1.jar:2.0]
	at play.core.ActionInvoker$$anonfun$receive$1$$anonfun$4.apply(Invoker.scala:74) ~[play_2.9.1.jar:2.0]
	at play.core.ActionInvoker$$anonfun$receive$1$$anonfun$4.apply(Invoker.scala:74) ~[play_2.9.1.jar:2.0]
	at play.utils.Threads$.withContextClassLoader(Threads.scala:17) ~[play_2.9.1.jar:2.0]
	at play.core.ActionInvoker$$anonfun$receive$1.apply(Invoker.scala:73) [play_2.9.1.jar:2.0]
	... 11 common frames omitted

